<?xml version="1.0" encoding="UTF-8"?>
<!-- Generated by org.testng.reporters.JUnitXMLReporter -->
<testsuite hostname="kishor-PC" name="Regression1" tests="6" failures="0" timestamp="19 Jun 2016 17:44:59 GMT" time="101.134" errors="0">
  <testcase name="invokeApp" time="32.465" classname="com.skorkel.bussinesslogic.A_Login"/>
  <testcase name="findSigninButton" time="0.183" classname="com.skorkel.bussinesslogic.A_Login"/>
  <testcase name="findandsendUsername" time="0.302" classname="com.skorkel.bussinesslogic.A_Login"/>
  <testcase name="findandsendPassword" time="0.16" classname="com.skorkel.bussinesslogic.A_Login"/>
  <testcase name="clickloginButton" time="67.986" classname="com.skorkel.bussinesslogic.A_Login"/>
  <testcase name="shareUpdate" time="0.0" classname="com.skorkel.bussinesslogic.B_Home">
    <skipped/>
  </testcase> <!-- shareUpdate -->
</testsuite> <!-- Regression1 -->
