<?xml version="1.0" encoding="UTF-8"?>
<testng-results skipped="1" failed="0" total="6" passed="5">
  <reporter-output>
  </reporter-output>
  <suite name="Suite1" duration-ms="101134" started-at="2016-06-19T17:43:18Z" finished-at="2016-06-19T17:44:59Z">
    <groups>
    </groups>
    <test name="Regression1" duration-ms="101134" started-at="2016-06-19T17:43:18Z" finished-at="2016-06-19T17:44:59Z">
      <class name="com.skorkel.bussinesslogic.B_Home">
        <test-method status="SKIP" signature="shareUpdate(java.lang.String)[pri:6, instance:com.skorkel.bussinesslogic.B_Home@3a44431a]" name="shareUpdate" duration-ms="0" started-at="2016-06-19T23:14:59Z" finished-at="2016-06-19T23:14:59Z">
          <exception class="org.testng.TestNGException">
            <message>
              <![CDATA[
Method shareUpdate requires 1 parameters but 0 were supplied in the @Test annotation.]]>
            </message>
            <full-stacktrace>
              <![CDATA[org.testng.TestNGException: 
Method shareUpdate requires 1 parameters but 0 were supplied in the @Test annotation.
	at org.testng.internal.Parameters.checkParameterTypes(Parameters.java:191)
	at org.testng.internal.Parameters.createParameters(Parameters.java:127)
	at org.testng.internal.Parameters.createParameters(Parameters.java:376)
	at org.testng.internal.Parameters.handleParameters(Parameters.java:451)
	at org.testng.internal.Invoker.handleParameters(Invoker.java:1274)
	at org.testng.internal.Invoker.createParameters(Invoker.java:989)
	at org.testng.internal.Invoker.invokeTestMethods(Invoker.java:1079)
	at org.testng.internal.TestMethodWorker.invokeTestMethods(TestMethodWorker.java:129)
	at org.testng.internal.TestMethodWorker.run(TestMethodWorker.java:112)
	at org.testng.TestRunner.privateRun(TestRunner.java:782)
	at org.testng.TestRunner.run(TestRunner.java:632)
	at org.testng.SuiteRunner.runTest(SuiteRunner.java:366)
	at org.testng.SuiteRunner.runSequentially(SuiteRunner.java:361)
	at org.testng.SuiteRunner.privateRun(SuiteRunner.java:319)
	at org.testng.SuiteRunner.run(SuiteRunner.java:268)
	at org.testng.SuiteRunnerWorker.runSuite(SuiteRunnerWorker.java:52)
	at org.testng.SuiteRunnerWorker.run(SuiteRunnerWorker.java:86)
	at org.testng.TestNG.runSuitesSequentially(TestNG.java:1244)
	at org.testng.TestNG.runSuitesLocally(TestNG.java:1169)
	at org.testng.TestNG.run(TestNG.java:1064)
	at org.apache.maven.surefire.testng.TestNGExecutor.run(TestNGExecutor.java:281)
	at org.apache.maven.surefire.testng.TestNGXmlTestSuite.execute(TestNGXmlTestSuite.java:75)
	at org.apache.maven.surefire.testng.TestNGProvider.invoke(TestNGProvider.java:121)
	at org.apache.maven.surefire.booter.ForkedBooter.invokeProviderInSameClassLoader(ForkedBooter.java:290)
	at org.apache.maven.surefire.booter.ForkedBooter.runSuitesInProcess(ForkedBooter.java:242)
	at org.apache.maven.surefire.booter.ForkedBooter.main(ForkedBooter.java:121)
]]>
            </full-stacktrace>
          </exception> <!-- org.testng.TestNGException -->
          <reporter-output>
          </reporter-output>
        </test-method> <!-- shareUpdate -->
      </class> <!-- com.skorkel.bussinesslogic.B_Home -->
      <class name="com.skorkel.bussinesslogic.A_Login">
        <test-method status="PASS" signature="invokeApp()[pri:0, instance:com.skorkel.bussinesslogic.A_Login@434a63ab]" name="invokeApp" duration-ms="32465" started-at="2016-06-19T23:13:18Z" finished-at="2016-06-19T23:13:50Z">
          <reporter-output>
          </reporter-output>
        </test-method> <!-- invokeApp -->
        <test-method status="PASS" signature="findSigninButton()[pri:1, instance:com.skorkel.bussinesslogic.A_Login@434a63ab]" name="findSigninButton" duration-ms="183" started-at="2016-06-19T23:13:50Z" finished-at="2016-06-19T23:13:51Z">
          <reporter-output>
          </reporter-output>
        </test-method> <!-- findSigninButton -->
        <test-method status="PASS" signature="findandsendUsername()[pri:3, instance:com.skorkel.bussinesslogic.A_Login@434a63ab]" name="findandsendUsername" duration-ms="302" started-at="2016-06-19T23:13:51Z" finished-at="2016-06-19T23:13:51Z">
          <reporter-output>
          </reporter-output>
        </test-method> <!-- findandsendUsername -->
        <test-method status="PASS" signature="findandsendPassword()[pri:4, instance:com.skorkel.bussinesslogic.A_Login@434a63ab]" name="findandsendPassword" duration-ms="160" started-at="2016-06-19T23:13:51Z" finished-at="2016-06-19T23:13:51Z">
          <reporter-output>
          </reporter-output>
        </test-method> <!-- findandsendPassword -->
        <test-method status="PASS" signature="clickloginButton()[pri:5, instance:com.skorkel.bussinesslogic.A_Login@434a63ab]" name="clickloginButton" duration-ms="67986" started-at="2016-06-19T23:13:51Z" finished-at="2016-06-19T23:14:59Z">
          <reporter-output>
          </reporter-output>
        </test-method> <!-- clickloginButton -->
      </class> <!-- com.skorkel.bussinesslogic.A_Login -->
    </test> <!-- Regression1 -->
  </suite> <!-- Suite1 -->
</testng-results>
